<?xml version="1.0" encoding="UTF-8"?>
<!-- Generated by org.testng.reporters.JUnitReportReporter -->
<testsuite hostname="DESKTOP-S5MMF0I" failures="0" tests="1" name="BaseTest.BrowserBaseTest2" time="51.835" errors="0" timestamp="2023-04-07T12:52:29 IST" skipped="0">
  <testcase classname="BaseTest.BrowserBaseTest2" name="AppiumTest" time="51.835"/>
  <system-out/>
</testsuite> <!-- BaseTest.BrowserBaseTest2 -->
