<?xml version="1.0" encoding="UTF-8"?>
<!-- Generated by org.testng.reporters.JUnitReportReporter -->
<testsuite hostname="DESKTOP-S5MMF0I" failures="0" tests="1" name="TestCases.EMIcalculatorTest" time="35.470" errors="0" timestamp="2023-04-07T18:18:10 IST" skipped="0">
  <testcase classname="TestCases.EMIcalculatorTest" name="TC01_ExplorePoduct" time="35.470"/>
  <system-out/>
</testsuite> <!-- TestCases.EMIcalculatorTest -->
